<?xml version="1.0" encoding="UTF-8"?>
<testsuite name="io.turntabl.ClientRegisterTest" tests="1" skipped="0" failures="0" errors="0" timestamp="2019-11-05T13:19:06" hostname="Aspire-V5-473" time="0.03">
  <properties/>
  <testcase name="getGoldClients" classname="io.turntabl.ClientRegisterTest" time="0.03"/>
  <system-out><![CDATA[]]></system-out>
  <system-err><![CDATA[]]></system-err>
</testsuite>
